z:\digivicerefactor\build\cmakefiles\generate.stamp
z:\digivicerefactor\build\digivicesim.dir\debug\adventurestate.obj
z:\digivicerefactor\build\digivicesim.dir\debug\animation.obj
z:\digivicerefactor\build\digivicesim.dir\debug\animationmanager.obj
z:\digivicerefactor\build\digivicesim.dir\debug\animationutils.obj
z:\digivicerefactor\build\digivicesim.dir\debug\animator.obj
z:\digivicerefactor\build\digivicesim.dir\debug\assetmanager.obj
z:\digivicerefactor\build\digivicesim.dir\debug\battlestate.obj
z:\digivicerefactor\build\digivicesim.dir\debug\bitmapfont.obj
z:\digivicerefactor\build\digivicesim.dir\debug\configmanager.obj
z:\digivicerefactor\build\digivicesim.dir\debug\game.obj
z:\digivicerefactor\build\digivicesim.dir\debug\game_fade.obj
z:\digivicerefactor\build\digivicesim.dir\debug\inputmanager.obj
z:\digivicerefactor\build\digivicesim.dir\debug\inputmanager_keybind.obj
z:\digivicerefactor\build\digivicesim.dir\debug\main.obj
z:\digivicerefactor\build\digivicesim.dir\debug\mapsystemstate.obj
z:\digivicerefactor\build\digivicesim.dir\debug\menu.obj
z:\digivicerefactor\build\digivicesim.dir\debug\menustate.obj
z:\digivicerefactor\build\digivicesim.dir\debug\partnerselectstate.obj
z:\digivicerefactor\build\digivicesim.dir\debug\pc_display.obj
z:\digivicerefactor\build\digivicesim.dir\debug\progressstate.obj
z:\digivicerefactor\build\digivicesim.dir\debug\settingsstate.obj
z:\digivicerefactor\build\digivicesim.dir\debug\textrenderer.obj
z:\digivicerefactor\build\digivicesim.dir\debug\transitionstate.obj
z:\digivicerefactor\build\digivicesim.dir\debug\widget.obj
z:\digivicerefactor\build\digivicesim.dir\debug\digivicesim.tlog\cl.command.1.tlog
z:\digivicerefactor\build\digivicesim.dir\debug\digivicesim.tlog\custombuild.command.1.tlog
z:\digivicerefactor\build\digivicesim.dir\debug\digivicesim.tlog\custombuild.read.1.tlog
z:\digivicerefactor\build\digivicesim.dir\debug\digivicesim.tlog\custombuild.write.1.tlog
